<?xml version="1.0" encoding="UTF-8"?>
<!-- Generated by org.testng.reporters.JUnitXMLReporter -->
<testsuite ignored="1" hostname="RAHUL-ZENBOOK" failures="0" tests="1" name="Default test" time="23.099" errors="0" timestamp="2023-01-29T13:21:38 IST">
  <testcase classname="WebAutomation.Testcases.CommunityPollTest" name="communityPollwithoutLogin" time="2.027"/>
  <testcase classname="WebAutomation.Testcases.CommunityPollTest" name="communityPollwithLogin" time="0.0">
    <ignored/>
  </testcase> <!-- communityPollwithLogin -->
</testsuite> <!-- Default test -->
