<?xml version="1.0" encoding="UTF-8"?>
<testng-results ignored="1" total="2" passed="1" failed="0" skipped="0">
  <reporter-output>
  </reporter-output>
  <suite started-at="2023-01-29T13:21:14 IST" name="Default suite" finished-at="2023-01-29T13:21:38 IST" duration-ms="23099">
    <groups>
    </groups>
    <test started-at="2023-01-29T13:21:14 IST" name="Default test" finished-at="2023-01-29T13:21:38 IST" duration-ms="23099">
      <class name="WebAutomation.Testcases.CommunityPollTest">
        <test-method is-config="true" signature="initDriver()[pri:0, instance:WebAutomation.Testcases.CommunityPollTest@771a660]" started-at="2023-01-29T13:21:15 IST" name="initDriver" finished-at="2023-01-29T13:21:19 IST" duration-ms="4770" status="PASS">
          <reporter-output>
          </reporter-output>
        </test-method> <!-- initDriver -->
        <test-method signature="communityPollwithoutLogin()[pri:0, instance:WebAutomation.Testcases.CommunityPollTest@771a660]" started-at="2023-01-29T13:21:19 IST" name="communityPollwithoutLogin" finished-at="2023-01-29T13:21:21 IST" duration-ms="2027" status="PASS">
          <reporter-output>
          </reporter-output>
        </test-method> <!-- communityPollwithoutLogin -->
        <test-method is-config="true" signature="tearDown()[pri:0, instance:WebAutomation.Testcases.CommunityPollTest@771a660]" started-at="2023-01-29T13:21:21 IST" name="tearDown" finished-at="2023-01-29T13:21:38 IST" duration-ms="16241" status="PASS">
          <reporter-output>
          </reporter-output>
        </test-method> <!-- tearDown -->
      </class> <!-- WebAutomation.Testcases.CommunityPollTest -->
    </test> <!-- Default test -->
  </suite> <!-- Default suite -->
</testng-results>
