<?xml version="1.0" encoding="UTF-8"?>
<testng-results ignored="0" total="2" passed="2" failed="0" skipped="0">
  <reporter-output>
  </reporter-output>
  <suite started-at="2023-01-28T18:39:18 IST" name="Default suite" finished-at="2023-01-28T18:39:33 IST" duration-ms="14852">
    <groups>
    </groups>
    <test started-at="2023-01-28T18:39:18 IST" name="Default test" finished-at="2023-01-28T18:39:33 IST" duration-ms="14852">
      <class name="WebAutomation.Testcases.UserRegistration">
        <test-method is-config="true" signature="initDriver()[pri:0, instance:WebAutomation.Testcases.UserRegistration@273e7444]" started-at="2023-01-28T18:39:18 IST" name="initDriver" finished-at="2023-01-28T18:39:24 IST" duration-ms="5583" status="PASS">
          <reporter-output>
          </reporter-output>
        </test-method> <!-- initDriver -->
        <test-method signature="userRegister()[pri:0, instance:WebAutomation.Testcases.UserRegistration@273e7444]" started-at="2023-01-28T18:39:24 IST" name="userRegister" finished-at="2023-01-28T18:39:27 IST" duration-ms="2977" status="PASS">
          <reporter-output>
          </reporter-output>
        </test-method> <!-- userRegister -->
        <test-method is-config="true" signature="tearDown()[pri:0, instance:WebAutomation.Testcases.UserRegistration@273e7444]" started-at="2023-01-28T18:39:27 IST" name="tearDown" finished-at="2023-01-28T18:39:27 IST" duration-ms="104" status="PASS">
          <reporter-output>
          </reporter-output>
        </test-method> <!-- tearDown -->
        <test-method is-config="true" signature="initDriver()[pri:0, instance:WebAutomation.Testcases.UserRegistration@273e7444]" started-at="2023-01-28T18:39:27 IST" name="initDriver" finished-at="2023-01-28T18:39:30 IST" duration-ms="3386" status="PASS">
          <reporter-output>
          </reporter-output>
        </test-method> <!-- initDriver -->
        <test-method signature="userLogin()[pri:0, instance:WebAutomation.Testcases.UserRegistration@273e7444]" started-at="2023-01-28T18:39:30 IST" name="userLogin" finished-at="2023-01-28T18:39:33 IST" depends-on-methods="WebAutomation.Testcases.UserRegistration.userRegister" duration-ms="2629" status="PASS">
          <reporter-output>
          </reporter-output>
        </test-method> <!-- userLogin -->
        <test-method is-config="true" signature="tearDown()[pri:0, instance:WebAutomation.Testcases.UserRegistration@273e7444]" started-at="2023-01-28T18:39:33 IST" name="tearDown" finished-at="2023-01-28T18:39:33 IST" duration-ms="119" status="PASS">
          <reporter-output>
          </reporter-output>
        </test-method> <!-- tearDown -->
      </class> <!-- WebAutomation.Testcases.UserRegistration -->
    </test> <!-- Default test -->
  </suite> <!-- Default suite -->
</testng-results>
